# JRE version: OpenJDK Runtime Environment (7.0_65-b32) (build 1.7.0_65-b32)
# Java VM: OpenJDK 64-Bit Server VM (24.65-b04 mixed mode linux-amd64 compressed oops)
Heap
 def new generation   total 4480K, used 0K [0x00000000d6800000, 0x00000000d6cd0000, 0x00000000e0e00000)
  eden space 4032K,   0% used [0x00000000d6800000, 0x00000000d6800000, 0x00000000d6bf0000)
  from space 448K,   0% used [0x00000000d6c60000, 0x00000000d6c60000, 0x00000000d6cd0000)
  to   space 448K,   0% used [0x00000000d6bf0000, 0x00000000d6bf0000, 0x00000000d6c60000)
 tenured generation   total 11364K, used 9891K [0x00000000e0e00000, 0x00000000e1919000, 0x00000000f5a00000)
   the space 11364K,  87% used [0x00000000e0e00000, 0x00000000e17a8dc8, 0x00000000e17a8e00, 0x00000000e1919000)
 compacting perm gen  total 21248K, used 7017K [0x00000000f5a00000, 0x00000000f6ec0000, 0x0000000100000000)
   the space 21248K,  33% used [0x00000000f5a00000, 0x00000000f60da590, 0x00000000f60da600, 0x00000000f6ec0000)
GC Heap History (10 events):
Event: 3.774 GC heap after
Heap after GC invocations=9 (full 0):
 def new generation   total 2432K, used 255K [0x00000000d6800000, 0x00000000d6aa0000, 0x00000000e0e00000)
  eden space 2176K,   0% used [0x00000000d6800000, 0x00000000d6800000, 0x00000000d6a20000)
  from space 256K,  99% used [0x00000000d6a60000, 0x00000000d6a9fff8, 0x00000000d6aa0000)
  to   space 256K,   0% used [0x00000000d6a20000, 0x00000000d6a20000, 0x00000000d6a60000)
 tenured generation   total 5504K, used 3645K [0x00000000e0e00000, 0x00000000e1360000, 0x00000000f5a00000)
   the space 5504K,  66% used [0x00000000e0e00000, 0x00000000e118f7b0, 0x00000000e118f800, 0x00000000e1360000)
 compacting perm gen  total 21248K, used 6702K [0x00000000f5a00000, 0x00000000f6ec0000, 0x0000000100000000)
   the space 21248K,  31% used [0x00000000f5a00000, 0x00000000f608b890, 0x00000000f608ba00, 0x00000000f6ec0000)
No shared spaces configured.
}
Event: 4.133 GC heap before
{Heap before GC invocations=9 (full 0):
 def new generation   total 2432K, used 2431K [0x00000000d6800000, 0x00000000d6aa0000, 0x00000000e0e00000)
  eden space 2176K, 100% used [0x00000000d6800000, 0x00000000d6a20000, 0x00000000d6a20000)
  from space 256K,  99% used [0x00000000d6a60000, 0x00000000d6a9fff8, 0x00000000d6aa0000)
  to   space 256K,   0% used [0x00000000d6a20000, 0x00000000d6a20000, 0x00000000d6a60000)
 tenured generation   total 5504K, used 3645K [0x00000000e0e00000, 0x00000000e1360000, 0x00000000f5a00000)
   the space 5504K,  66% used [0x00000000e0e00000, 0x00000000e118f7b0, 0x00000000e118f800, 0x00000000e1360000)
 compacting perm gen  total 21248K, used 6935K [0x00000000f5a00000, 0x00000000f6ec0000, 0x0000000100000000)
   the space 21248K,  32% used [0x00000000f5a00000, 0x00000000f60c5eb8, 0x00000000f60c6000, 0x00000000f6ec0000)
No shared spaces configured.
Event: 4.166 GC heap after
Heap after GC invocations=10 (full 0):
 def new generation   total 2432K, used 254K [0x00000000d6800000, 0x00000000d6aa0000, 0x00000000e0e00000)
  eden space 2176K,   0% used [0x00000000d6800000, 0x00000000d6800000, 0x00000000d6a20000)
  from space 256K,  99% used [0x00000000d6a20000, 0x00000000d6a5f9b0, 0x00000000d6a60000)
  to   space 256K,   0% used [0x00000000d6a60000, 0x00000000d6a60000, 0x00000000d6aa0000)
 tenured generation   total 5504K, used 5367K [0x00000000e0e00000, 0x00000000e1360000, 0x00000000f5a00000)
   the space 5504K,  97% used [0x00000000e0e00000, 0x00000000e133ddb8, 0x00000000e133de00, 0x00000000e1360000)
 compacting perm gen  total 21248K, used 6935K [0x00000000f5a00000, 0x00000000f6ec0000, 0x0000000100000000)
   the space 21248K,  32% used [0x00000000f5a00000, 0x00000000f60c5eb8, 0x00000000f60c6000, 0x00000000f6ec0000)
No shared spaces configured.
}
Event: 4.581 GC heap before
{Heap before GC invocations=10 (full 0):
 def new generation   total 2432K, used 2430K [0x00000000d6800000, 0x00000000d6aa0000, 0x00000000e0e00000)
  eden space 2176K, 100% used [0x00000000d6800000, 0x00000000d6a20000, 0x00000000d6a20000)
  from space 256K,  99% used [0x00000000d6a20000, 0x00000000d6a5f9b0, 0x00000000d6a60000)
  to   space 256K,   0% used [0x00000000d6a60000, 0x00000000d6a60000, 0x00000000d6aa0000)
 tenured generation   total 5504K, used 5367K [0x00000000e0e00000, 0x00000000e1360000, 0x00000000f5a00000)
   the space 5504K,  97% used [0x00000000e0e00000, 0x00000000e133ddb8, 0x00000000e133de00, 0x00000000e1360000)
 compacting perm gen  total 21248K, used 6945K [0x00000000f5a00000, 0x00000000f6ec0000, 0x0000000100000000)
   the space 21248K,  32% used [0x00000000f5a00000, 0x00000000f60c8718, 0x00000000f60c8800, 0x00000000f6ec0000)
No shared spaces configured.
Event: 4.679 GC heap after
Heap after GC invocations=11 (full 1):
 def new generation   total 4480K, used 0K [0x00000000d6800000, 0x00000000d6cd0000, 0x00000000e0e00000)
  eden space 4032K,   0% used [0x00000000d6800000, 0x00000000d6800000, 0x00000000d6bf0000)
  from space 448K,   0% used [0x00000000d6bf0000, 0x00000000d6bf0000, 0x00000000d6c60000)
  to   space 448K,   0% used [0x00000000d6c60000, 0x00000000d6c60000, 0x00000000d6cd0000)
 tenured generation   total 9828K, used 5896K [0x00000000e0e00000, 0x00000000e1799000, 0x00000000f5a00000)
   the space 9828K,  59% used [0x00000000e0e00000, 0x00000000e13c22c0, 0x00000000e13c2400, 0x00000000e1799000)
 compacting perm gen  total 21248K, used 6945K [0x00000000f5a00000, 0x00000000f6ec0000, 0x0000000100000000)
   the space 21248K,  32% used [0x00000000f5a00000, 0x00000000f60c8718, 0x00000000f60c8800, 0x00000000f6ec0000)
No shared spaces configured.
}
Event: 5.199 GC heap before
{Heap before GC invocations=11 (full 1):
 def new generation   total 4480K, used 4032K [0x00000000d6800000, 0x00000000d6cd0000, 0x00000000e0e00000)
  eden space 4032K, 100% used [0x00000000d6800000, 0x00000000d6bf0000, 0x00000000d6bf0000)
  from space 448K,   0% used [0x00000000d6bf0000, 0x00000000d6bf0000, 0x00000000d6c60000)
  to   space 448K,   0% used [0x00000000d6c60000, 0x00000000d6c60000, 0x00000000d6cd0000)
 tenured generation   total 9828K, used 5896K [0x00000000e0e00000, 0x00000000e1799000, 0x00000000f5a00000)
   the space 9828K,  59% used [0x00000000e0e00000, 0x00000000e13c22c0, 0x00000000e13c2400, 0x00000000e1799000)
 compacting perm gen  total 21248K, used 6973K [0x00000000f5a00000, 0x00000000f6ec0000, 0x0000000100000000)
   the space 21248K,  32% used [0x00000000f5a00000, 0x00000000f60cf4e8, 0x00000000f60cf600, 0x00000000f6ec0000)
No shared spaces configured.
Event: 5.241 GC heap after
Heap after GC invocations=12 (full 1):
 def new generation   total 4480K, used 448K [0x00000000d6800000, 0x00000000d6cd0000, 0x00000000e0e00000)
  eden space 4032K,   0% used [0x00000000d6800000, 0x00000000d6800000, 0x00000000d6bf0000)
  from space 448K, 100% used [0x00000000d6c60000, 0x00000000d6cd0000, 0x00000000d6cd0000)
  to   space 448K,   0% used [0x00000000d6bf0000, 0x00000000d6bf0000, 0x00000000d6c60000)
 tenured generation   total 9828K, used 7644K [0x00000000e0e00000, 0x00000000e1799000, 0x00000000f5a00000)
   the space 9828K,  77% used [0x00000000e0e00000, 0x00000000e15770f8, 0x00000000e1577200, 0x00000000e1799000)
 compacting perm gen  total 21248K, used 6973K [0x00000000f5a00000, 0x00000000f6ec0000, 0x0000000100000000)
   the space 21248K,  32% used [0x00000000f5a00000, 0x00000000f60cf4e8, 0x00000000f60cf600, 0x00000000f6ec0000)
No shared spaces configured.
}
Event: 5.381 GC heap before
{Heap before GC invocations=12 (full 1):
 def new generation   total 4480K, used 4475K [0x00000000d6800000, 0x00000000d6cd0000, 0x00000000e0e00000)
  eden space 4032K,  99% used [0x00000000d6800000, 0x00000000d6beefa8, 0x00000000d6bf0000)
  from space 448K, 100% used [0x00000000d6c60000, 0x00000000d6cd0000, 0x00000000d6cd0000)
  to   space 448K,   0% used [0x00000000d6bf0000, 0x00000000d6bf0000, 0x00000000d6c60000)
 tenured generation   total 9828K, used 7644K [0x00000000e0e00000, 0x00000000e1799000, 0x00000000f5a00000)
   the space 9828K,  77% used [0x00000000e0e00000, 0x00000000e15770f8, 0x00000000e1577200, 0x00000000e1799000)
 compacting perm gen  total 21248K, used 6974K [0x00000000f5a00000, 0x00000000f6ec0000, 0x0000000100000000)
   the space 21248K,  32% used [0x00000000f5a00000, 0x00000000f60cfa18, 0x00000000f60cfc00, 0x00000000f6ec0000)
No shared spaces configured.
Event: 6.058 GC heap after
Heap after GC invocations=13 (full 1):
 def new generation   total 4480K, used 447K [0x00000000d6800000, 0x00000000d6cd0000, 0x00000000e0e00000)
  eden space 4032K,   0% used [0x00000000d6800000, 0x00000000d6800000, 0x00000000d6bf0000)
  from space 448K,  99% used [0x00000000d6bf0000, 0x00000000d6c5fff8, 0x00000000d6c60000)
  to   space 448K,   0% used [0x00000000d6c60000, 0x00000000d6c60000, 0x00000000d6cd0000)
 tenured generation   total 9828K, used 9817K [0x00000000e0e00000, 0x00000000e1799000, 0x00000000f5a00000)
   the space 9828K,  99% used [0x00000000e0e00000, 0x00000000e1796738, 0x00000000e1796800, 0x00000000e1799000)
 compacting perm gen  total 21248K, used 6974K [0x00000000f5a00000, 0x00000000f6ec0000, 0x0000000100000000)
   the space 21248K,  32% used [0x00000000f5a00000, 0x00000000f60cfa18, 0x00000000f60cfc00, 0x00000000f6ec0000)
No shared spaces configured.
}
Event: 7.517 GC heap before
{Heap before GC invocations=13 (full 1):
 def new generation   total 4480K, used 4472K [0x00000000d6800000, 0x00000000d6cd0000, 0x00000000e0e00000)
  eden space 4032K,  99% used [0x00000000d6800000, 0x00000000d6bee0a8, 0x00000000d6bf0000)
  from space 448K,  99% used [0x00000000d6bf0000, 0x00000000d6c5fff8, 0x00000000d6c60000)
  to   space 448K,   0% used [0x00000000d6c60000, 0x00000000d6c60000, 0x00000000d6cd0000)
 tenured generation   total 9828K, used 9817K [0x00000000e0e00000, 0x00000000e1799000, 0x00000000f5a00000)
   the space 9828K,  99% used [0x00000000e0e00000, 0x00000000e1796738, 0x00000000e1796800, 0x00000000e1799000)
 compacting perm gen  total 21248K, used 7017K [0x00000000f5a00000, 0x00000000f6ec0000, 0x0000000100000000)
   the space 21248K,  33% used [0x00000000f5a00000, 0x00000000f60da590, 0x00000000f60da600, 0x00000000f6ec0000)
No shared spaces configured.

