# JRE version: OpenJDK Runtime Environment (7.0_65-b32) (build 1.7.0_65-b32)
# Java VM: OpenJDK 64-Bit Server VM (24.65-b04 mixed mode linux-amd64 compressed oops)
Heap
 def new generation   total 3200K, used 0K [0x00000000d6800000, 0x00000000d6b70000, 0x00000000e0e00000)
  eden space 2880K,   0% used [0x00000000d6800000, 0x00000000d6800000, 0x00000000d6ad0000)
  from space 320K,   0% used [0x00000000d6ad0000, 0x00000000d6ad0000, 0x00000000d6b20000)
  to   space 320K,   0% used [0x00000000d6b20000, 0x00000000d6b20000, 0x00000000d6b70000)
 tenured generation   total 7528K, used 5876K [0x00000000e0e00000, 0x00000000e155a000, 0x00000000f5a00000)
   the space 7528K,  78% used [0x00000000e0e00000, 0x00000000e13bd090, 0x00000000e13bd200, 0x00000000e155a000)
 compacting perm gen  total 21248K, used 6982K [0x00000000f5a00000, 0x00000000f6ec0000, 0x0000000100000000)
   the space 21248K,  32% used [0x00000000f5a00000, 0x00000000f60d1830, 0x00000000f60d1a00, 0x00000000f6ec0000)
GC Heap History (10 events):
Event: 4.286 GC heap after
Heap after GC invocations=8 (full 0):
 def new generation   total 2432K, used 109K [0x00000000d6800000, 0x00000000d6aa0000, 0x00000000e0e00000)
  eden space 2176K,   0% used [0x00000000d6800000, 0x00000000d6800000, 0x00000000d6a20000)
  from space 256K,  42% used [0x00000000d6a20000, 0x00000000d6a3b648, 0x00000000d6a60000)
  to   space 256K,   0% used [0x00000000d6a60000, 0x00000000d6a60000, 0x00000000d6aa0000)
 tenured generation   total 5504K, used 3209K [0x00000000e0e00000, 0x00000000e1360000, 0x00000000f5a00000)
   the space 5504K,  58% used [0x00000000e0e00000, 0x00000000e1122548, 0x00000000e1122600, 0x00000000e1360000)
 compacting perm gen  total 21248K, used 6456K [0x00000000f5a00000, 0x00000000f6ec0000, 0x0000000100000000)
   the space 21248K,  30% used [0x00000000f5a00000, 0x00000000f604e338, 0x00000000f604e400, 0x00000000f6ec0000)
No shared spaces configured.
}
Event: 5.246 GC heap before
{Heap before GC invocations=8 (full 0):
 def new generation   total 2432K, used 2231K [0x00000000d6800000, 0x00000000d6aa0000, 0x00000000e0e00000)
  eden space 2176K,  97% used [0x00000000d6800000, 0x00000000d6a12908, 0x00000000d6a20000)
  from space 256K,  42% used [0x00000000d6a20000, 0x00000000d6a3b648, 0x00000000d6a60000)
  to   space 256K,   0% used [0x00000000d6a60000, 0x00000000d6a60000, 0x00000000d6aa0000)
 tenured generation   total 5504K, used 3209K [0x00000000e0e00000, 0x00000000e1360000, 0x00000000f5a00000)
   the space 5504K,  58% used [0x00000000e0e00000, 0x00000000e1122548, 0x00000000e1122600, 0x00000000e1360000)
 compacting perm gen  total 21248K, used 6704K [0x00000000f5a00000, 0x00000000f6ec0000, 0x0000000100000000)
   the space 21248K,  31% used [0x00000000f5a00000, 0x00000000f608c1c0, 0x00000000f608c200, 0x00000000f6ec0000)
No shared spaces configured.
Event: 5.259 GC heap after
Heap after GC invocations=9 (full 0):
 def new generation   total 2432K, used 256K [0x00000000d6800000, 0x00000000d6aa0000, 0x00000000e0e00000)
  eden space 2176K,   0% used [0x00000000d6800000, 0x00000000d6800000, 0x00000000d6a20000)
  from space 256K, 100% used [0x00000000d6a60000, 0x00000000d6aa0000, 0x00000000d6aa0000)
  to   space 256K,   0% used [0x00000000d6a20000, 0x00000000d6a20000, 0x00000000d6a60000)
 tenured generation   total 5504K, used 3606K [0x00000000e0e00000, 0x00000000e1360000, 0x00000000f5a00000)
   the space 5504K,  65% used [0x00000000e0e00000, 0x00000000e1185b48, 0x00000000e1185c00, 0x00000000e1360000)
 compacting perm gen  total 21248K, used 6704K [0x00000000f5a00000, 0x00000000f6ec0000, 0x0000000100000000)
   the space 21248K,  31% used [0x00000000f5a00000, 0x00000000f608c1c0, 0x00000000f608c200, 0x00000000f6ec0000)
No shared spaces configured.
}
Event: 5.577 GC heap before
{Heap before GC invocations=9 (full 0):
 def new generation   total 2432K, used 956K [0x00000000d6800000, 0x00000000d6aa0000, 0x00000000e0e00000)
  eden space 2176K,  32% used [0x00000000d6800000, 0x00000000d68af118, 0x00000000d6a20000)
  from space 256K, 100% used [0x00000000d6a60000, 0x00000000d6aa0000, 0x00000000d6aa0000)
  to   space 256K,   0% used [0x00000000d6a20000, 0x00000000d6a20000, 0x00000000d6a60000)
 tenured generation   total 5504K, used 3606K [0x00000000e0e00000, 0x00000000e1360000, 0x00000000f5a00000)
   the space 5504K,  65% used [0x00000000e0e00000, 0x00000000e1185b48, 0x00000000e1185c00, 0x00000000e1360000)
 compacting perm gen  total 21248K, used 6943K [0x00000000f5a00000, 0x00000000f6ec0000, 0x0000000100000000)
   the space 21248K,  32% used [0x00000000f5a00000, 0x00000000f60c7ce8, 0x00000000f60c7e00, 0x00000000f6ec0000)
No shared spaces configured.
Event: 5.595 GC heap after
Heap after GC invocations=10 (full 0):
 def new generation   total 2432K, used 218K [0x00000000d6800000, 0x00000000d6aa0000, 0x00000000e0e00000)
  eden space 2176K,   0% used [0x00000000d6800000, 0x00000000d6800000, 0x00000000d6a20000)
  from space 256K,  85% used [0x00000000d6a20000, 0x00000000d6a56980, 0x00000000d6a60000)
  to   space 256K,   0% used [0x00000000d6a60000, 0x00000000d6a60000, 0x00000000d6aa0000)
 tenured generation   total 5504K, used 3818K [0x00000000e0e00000, 0x00000000e1360000, 0x00000000f5a00000)
   the space 5504K,  69% used [0x00000000e0e00000, 0x00000000e11bab58, 0x00000000e11bac00, 0x00000000e1360000)
 compacting perm gen  total 21248K, used 6943K [0x00000000f5a00000, 0x00000000f6ec0000, 0x0000000100000000)
   the space 21248K,  32% used [0x00000000f5a00000, 0x00000000f60c7ce8, 0x00000000f60c7e00, 0x00000000f6ec0000)
No shared spaces configured.
}
Event: 6.138 GC heap before
{Heap before GC invocations=10 (full 0):
 def new generation   total 2432K, used 2394K [0x00000000d6800000, 0x00000000d6aa0000, 0x00000000e0e00000)
  eden space 2176K, 100% used [0x00000000d6800000, 0x00000000d6a20000, 0x00000000d6a20000)
  from space 256K,  85% used [0x00000000d6a20000, 0x00000000d6a56980, 0x00000000d6a60000)
  to   space 256K,   0% used [0x00000000d6a60000, 0x00000000d6a60000, 0x00000000d6aa0000)
 tenured generation   total 5504K, used 3818K [0x00000000e0e00000, 0x00000000e1360000, 0x00000000f5a00000)
   the space 5504K,  69% used [0x00000000e0e00000, 0x00000000e11bab58, 0x00000000e11bac00, 0x00000000e1360000)
 compacting perm gen  total 21248K, used 6954K [0x00000000f5a00000, 0x00000000f6ec0000, 0x0000000100000000)
   the space 21248K,  32% used [0x00000000f5a00000, 0x00000000f60ca868, 0x00000000f60caa00, 0x00000000f6ec0000)
No shared spaces configured.
Event: 6.278 GC heap after
Heap after GC invocations=11 (full 1):
 def new generation   total 3200K, used 0K [0x00000000d6800000, 0x00000000d6b70000, 0x00000000e0e00000)
  eden space 2880K,   0% used [0x00000000d6800000, 0x00000000d6800000, 0x00000000d6ad0000)
  from space 320K,   0% used [0x00000000d6ad0000, 0x00000000d6ad0000, 0x00000000d6b20000)
  to   space 320K,   0% used [0x00000000d6b20000, 0x00000000d6b20000, 0x00000000d6b70000)
 tenured generation   total 6952K, used 4168K [0x00000000e0e00000, 0x00000000e14ca000, 0x00000000f5a00000)
   the space 6952K,  59% used [0x00000000e0e00000, 0x00000000e12123f8, 0x00000000e1212400, 0x00000000e14ca000)
 compacting perm gen  total 21248K, used 6954K [0x00000000f5a00000, 0x00000000f6ec0000, 0x0000000100000000)
   the space 21248K,  32% used [0x00000000f5a00000, 0x00000000f60ca868, 0x00000000f60caa00, 0x00000000f6ec0000)
No shared spaces configured.
}
Event: 7.074 GC heap before
{Heap before GC invocations=11 (full 1):
 def new generation   total 3200K, used 2588K [0x00000000d6800000, 0x00000000d6b70000, 0x00000000e0e00000)
  eden space 2880K,  89% used [0x00000000d6800000, 0x00000000d6a870d8, 0x00000000d6ad0000)
  from space 320K,   0% used [0x00000000d6ad0000, 0x00000000d6ad0000, 0x00000000d6b20000)
  to   space 320K,   0% used [0x00000000d6b20000, 0x00000000d6b20000, 0x00000000d6b70000)
 tenured generation   total 6952K, used 4168K [0x00000000e0e00000, 0x00000000e14ca000, 0x00000000f5a00000)
   the space 6952K,  59% used [0x00000000e0e00000, 0x00000000e12123f8, 0x00000000e1212400, 0x00000000e14ca000)
 compacting perm gen  total 21248K, used 6967K [0x00000000f5a00000, 0x00000000f6ec0000, 0x0000000100000000)
   the space 21248K,  32% used [0x00000000f5a00000, 0x00000000f60cdfc8, 0x00000000f60ce000, 0x00000000f6ec0000)
No shared spaces configured.
Event: 7.086 GC heap after
Heap after GC invocations=12 (full 1):
 def new generation   total 3200K, used 320K [0x00000000d6800000, 0x00000000d6b70000, 0x00000000e0e00000)
  eden space 2880K,   0% used [0x00000000d6800000, 0x00000000d6800000, 0x00000000d6ad0000)
  from space 320K, 100% used [0x00000000d6b20000, 0x00000000d6b70000, 0x00000000d6b70000)
  to   space 320K,   0% used [0x00000000d6ad0000, 0x00000000d6ad0000, 0x00000000d6b20000)
 tenured generation   total 6952K, used 5841K [0x00000000e0e00000, 0x00000000e14ca000, 0x00000000f5a00000)
   the space 6952K,  84% used [0x00000000e0e00000, 0x00000000e13b4650, 0x00000000e13b4800, 0x00000000e14ca000)
 compacting perm gen  total 21248K, used 6967K [0x00000000f5a00000, 0x00000000f6ec0000, 0x0000000100000000)
   the space 21248K,  32% used [0x00000000f5a00000, 0x00000000f60cdfc8, 0x00000000f60ce000, 0x00000000f6ec0000)
No shared spaces configured.
}
Event: 7.482 GC heap before
{Heap before GC invocations=12 (full 1):
 def new generation   total 3200K, used 3200K [0x00000000d6800000, 0x00000000d6b70000, 0x00000000e0e00000)
  eden space 2880K, 100% used [0x00000000d6800000, 0x00000000d6ad0000, 0x00000000d6ad0000)
  from space 320K, 100% used [0x00000000d6b20000, 0x00000000d6b70000, 0x00000000d6b70000)
  to   space 320K,   0% used [0x00000000d6ad0000, 0x00000000d6ad0000, 0x00000000d6b20000)
 tenured generation   total 6952K, used 5841K [0x00000000e0e00000, 0x00000000e14ca000, 0x00000000f5a00000)
   the space 6952K,  84% used [0x00000000e0e00000, 0x00000000e13b4650, 0x00000000e13b4800, 0x00000000e14ca000)
 compacting perm gen  total 21248K, used 6982K [0x00000000f5a00000, 0x00000000f6ec0000, 0x0000000100000000)
   the space 21248K,  32% used [0x00000000f5a00000, 0x00000000f60d1830, 0x00000000f60d1a00, 0x00000000f6ec0000)
No shared spaces configured.

