# JRE version: OpenJDK Runtime Environment (7.0_65-b32) (build 1.7.0_65-b32)
# Java VM: OpenJDK 64-Bit Server VM (24.65-b04 mixed mode linux-amd64 compressed oops)
Heap
 def new generation   total 4480K, used 4480K [0x00000000d6800000, 0x00000000d6cd0000, 0x00000000e0e00000)
  eden space 4032K, 100% used [0x00000000d6800000, 0x00000000d6bf0000, 0x00000000d6bf0000)
  from space 448K, 100% used [0x00000000d6bf0000, 0x00000000d6c60000, 0x00000000d6c60000)
  to   space 448K, 100% used [0x00000000d6c60000, 0x00000000d6cd0000, 0x00000000d6cd0000)
 tenured generation   total 9792K, used 9790K [0x00000000e0e00000, 0x00000000e1790000, 0x00000000f5a00000)
   the space 9792K,  99% used [0x00000000e0e00000, 0x00000000e178f8d8, 0x00000000e178fa00, 0x00000000e1790000)
 compacting perm gen  total 21248K, used 7139K [0x00000000f5a00000, 0x00000000f6ec0000, 0x0000000100000000)
   the space 21248K,  33% used [0x00000000f5a00000, 0x00000000f60f8c00, 0x00000000f60f8c00, 0x00000000f6ec0000)
GC Heap History (10 events):
Event: 6.209 GC heap after
Heap after GC invocations=11 (full 1):
 def new generation   total 3200K, used 0K [0x00000000d6800000, 0x00000000d6b70000, 0x00000000e0e00000)
  eden space 2880K,   0% used [0x00000000d6800000, 0x00000000d6800000, 0x00000000d6ad0000)
  from space 320K,   0% used [0x00000000d6ad0000, 0x00000000d6ad0000, 0x00000000d6b20000)
  to   space 320K,   0% used [0x00000000d6b20000, 0x00000000d6b20000, 0x00000000d6b70000)
 tenured generation   total 7012K, used 4152K [0x00000000e0e00000, 0x00000000e14d9000, 0x00000000f5a00000)
   the space 7012K,  59% used [0x00000000e0e00000, 0x00000000e120e1a8, 0x00000000e120e200, 0x00000000e14d9000)
 compacting perm gen  total 21248K, used 6954K [0x00000000f5a00000, 0x00000000f6ec0000, 0x0000000100000000)
   the space 21248K,  32% used [0x00000000f5a00000, 0x00000000f60ca868, 0x00000000f60caa00, 0x00000000f6ec0000)
No shared spaces configured.
}
Event: 8.568 GC heap before
{Heap before GC invocations=11 (full 1):
 def new generation   total 3200K, used 2587K [0x00000000d6800000, 0x00000000d6b70000, 0x00000000e0e00000)
  eden space 2880K,  89% used [0x00000000d6800000, 0x00000000d6a86f70, 0x00000000d6ad0000)
  from space 320K,   0% used [0x00000000d6ad0000, 0x00000000d6ad0000, 0x00000000d6b20000)
  to   space 320K,   0% used [0x00000000d6b20000, 0x00000000d6b20000, 0x00000000d6b70000)
 tenured generation   total 7012K, used 4152K [0x00000000e0e00000, 0x00000000e14d9000, 0x00000000f5a00000)
   the space 7012K,  59% used [0x00000000e0e00000, 0x00000000e120e1a8, 0x00000000e120e200, 0x00000000e14d9000)
 compacting perm gen  total 21248K, used 6968K [0x00000000f5a00000, 0x00000000f6ec0000, 0x0000000100000000)
   the space 21248K,  32% used [0x00000000f5a00000, 0x00000000f60ce0a8, 0x00000000f60ce200, 0x00000000f6ec0000)
No shared spaces configured.
Event: 8.582 GC heap after
Heap after GC invocations=12 (full 1):
 def new generation   total 3200K, used 320K [0x00000000d6800000, 0x00000000d6b70000, 0x00000000e0e00000)
  eden space 2880K,   0% used [0x00000000d6800000, 0x00000000d6800000, 0x00000000d6ad0000)
  from space 320K, 100% used [0x00000000d6b20000, 0x00000000d6b70000, 0x00000000d6b70000)
  to   space 320K,   0% used [0x00000000d6ad0000, 0x00000000d6ad0000, 0x00000000d6b20000)
 tenured generation   total 7012K, used 5825K [0x00000000e0e00000, 0x00000000e14d9000, 0x00000000f5a00000)
   the space 7012K,  83% used [0x00000000e0e00000, 0x00000000e13b04a8, 0x00000000e13b0600, 0x00000000e14d9000)
 compacting perm gen  total 21248K, used 6968K [0x00000000f5a00000, 0x00000000f6ec0000, 0x0000000100000000)
   the space 21248K,  32% used [0x00000000f5a00000, 0x00000000f60ce0a8, 0x00000000f60ce200, 0x00000000f6ec0000)
No shared spaces configured.
}
Event: 9.684 GC heap before
{Heap before GC invocations=12 (full 1):
 def new generation   total 3200K, used 3200K [0x00000000d6800000, 0x00000000d6b70000, 0x00000000e0e00000)
  eden space 2880K, 100% used [0x00000000d6800000, 0x00000000d6ad0000, 0x00000000d6ad0000)
  from space 320K, 100% used [0x00000000d6b20000, 0x00000000d6b70000, 0x00000000d6b70000)
  to   space 320K,   0% used [0x00000000d6ad0000, 0x00000000d6ad0000, 0x00000000d6b20000)
 tenured generation   total 7012K, used 5825K [0x00000000e0e00000, 0x00000000e14d9000, 0x00000000f5a00000)
   the space 7012K,  83% used [0x00000000e0e00000, 0x00000000e13b04a8, 0x00000000e13b0600, 0x00000000e14d9000)
 compacting perm gen  total 21248K, used 6982K [0x00000000f5a00000, 0x00000000f6ec0000, 0x0000000100000000)
   the space 21248K,  32% used [0x00000000f5a00000, 0x00000000f60d1910, 0x00000000f60d1a00, 0x00000000f6ec0000)
No shared spaces configured.
Event: 9.844 GC heap after
Heap after GC invocations=13 (full 2):
 def new generation   total 4480K, used 0K [0x00000000d6800000, 0x00000000d6cd0000, 0x00000000e0e00000)
  eden space 4032K,   0% used [0x00000000d6800000, 0x00000000d6800000, 0x00000000d6bf0000)
  from space 448K,   0% used [0x00000000d6bf0000, 0x00000000d6bf0000, 0x00000000d6c60000)
  to   space 448K,   0% used [0x00000000d6c60000, 0x00000000d6c60000, 0x00000000d6cd0000)
 tenured generation   total 9792K, used 5874K [0x00000000e0e00000, 0x00000000e1790000, 0x00000000f5a00000)
   the space 9792K,  59% used [0x00000000e0e00000, 0x00000000e13bca20, 0x00000000e13bcc00, 0x00000000e1790000)
 compacting perm gen  total 21248K, used 6982K [0x00000000f5a00000, 0x00000000f6ec0000, 0x0000000100000000)
   the space 21248K,  32% used [0x00000000f5a00000, 0x00000000f60d1910, 0x00000000f60d1a00, 0x00000000f6ec0000)
No shared spaces configured.
}
Event: 10.350 GC heap before
{Heap before GC invocations=13 (full 2):
 def new generation   total 4480K, used 3988K [0x00000000d6800000, 0x00000000d6cd0000, 0x00000000e0e00000)
  eden space 4032K,  98% used [0x00000000d6800000, 0x00000000d6be50a0, 0x00000000d6bf0000)
  from space 448K,   0% used [0x00000000d6bf0000, 0x00000000d6bf0000, 0x00000000d6c60000)
  to   space 448K,   0% used [0x00000000d6c60000, 0x00000000d6c60000, 0x00000000d6cd0000)
 tenured generation   total 9792K, used 5874K [0x00000000e0e00000, 0x00000000e1790000, 0x00000000f5a00000)
   the space 9792K,  59% used [0x00000000e0e00000, 0x00000000e13bca20, 0x00000000e13bcc00, 0x00000000e1790000)
 compacting perm gen  total 21248K, used 6983K [0x00000000f5a00000, 0x00000000f6ec0000, 0x0000000100000000)
   the space 21248K,  32% used [0x00000000f5a00000, 0x00000000f60d1cf0, 0x00000000f60d1e00, 0x00000000f6ec0000)
No shared spaces configured.
Event: 10.375 GC heap after
Heap after GC invocations=14 (full 2):
 def new generation   total 4480K, used 447K [0x00000000d6800000, 0x00000000d6cd0000, 0x00000000e0e00000)
  eden space 4032K,   0% used [0x00000000d6800000, 0x00000000d6800000, 0x00000000d6bf0000)
  from space 448K,  99% used [0x00000000d6c60000, 0x00000000d6ccfff8, 0x00000000d6cd0000)
  to   space 448K,   0% used [0x00000000d6bf0000, 0x00000000d6bf0000, 0x00000000d6c60000)
 tenured generation   total 9792K, used 7632K [0x00000000e0e00000, 0x00000000e1790000, 0x00000000f5a00000)
   the space 9792K,  77% used [0x00000000e0e00000, 0x00000000e15741a0, 0x00000000e1574200, 0x00000000e1790000)
 compacting perm gen  total 21248K, used 6983K [0x00000000f5a00000, 0x00000000f6ec0000, 0x0000000100000000)
   the space 21248K,  32% used [0x00000000f5a00000, 0x00000000f60d1cf0, 0x00000000f60d1e00, 0x00000000f6ec0000)
No shared spaces configured.
}
Event: 12.141 GC heap before
{Heap before GC invocations=14 (full 2):
 def new generation   total 4480K, used 4479K [0x00000000d6800000, 0x00000000d6cd0000, 0x00000000e0e00000)
  eden space 4032K, 100% used [0x00000000d6800000, 0x00000000d6bf0000, 0x00000000d6bf0000)
  from space 448K,  99% used [0x00000000d6c60000, 0x00000000d6ccfff8, 0x00000000d6cd0000)
  to   space 448K,   0% used [0x00000000d6bf0000, 0x00000000d6bf0000, 0x00000000d6c60000)
 tenured generation   total 9792K, used 7632K [0x00000000e0e00000, 0x00000000e1790000, 0x00000000f5a00000)
   the space 9792K,  77% used [0x00000000e0e00000, 0x00000000e15741a0, 0x00000000e1574200, 0x00000000e1790000)
 compacting perm gen  total 21248K, used 7009K [0x00000000f5a00000, 0x00000000f6ec0000, 0x0000000100000000)
   the space 21248K,  32% used [0x00000000f5a00000, 0x00000000f60d84b0, 0x00000000f60d8600, 0x00000000f6ec0000)
No shared spaces configured.
Event: 12.424 GC heap after
Heap after GC invocations=15 (full 2):
 def new generation   total 4480K, used 448K [0x00000000d6800000, 0x00000000d6cd0000, 0x00000000e0e00000)
  eden space 4032K,   0% used [0x00000000d6800000, 0x00000000d6800000, 0x00000000d6bf0000)
  from space 448K, 100% used [0x00000000d6bf0000, 0x00000000d6c60000, 0x00000000d6c60000)
  to   space 448K,   0% used [0x00000000d6c60000, 0x00000000d6c60000, 0x00000000d6cd0000)
 tenured generation   total 9792K, used 9197K [0x00000000e0e00000, 0x00000000e1790000, 0x00000000f5a00000)
   the space 9792K,  93% used [0x00000000e0e00000, 0x00000000e16fb6c8, 0x00000000e16fb800, 0x00000000e1790000)
 compacting perm gen  total 21248K, used 7009K [0x00000000f5a00000, 0x00000000f6ec0000, 0x0000000100000000)
   the space 21248K,  32% used [0x00000000f5a00000, 0x00000000f60d84b0, 0x00000000f60d8600, 0x00000000f6ec0000)
No shared spaces configured.
}
Event: 13.564 GC heap before
{Heap before GC invocations=15 (full 2):
 def new generation   total 4480K, used 4480K [0x00000000d6800000, 0x00000000d6cd0000, 0x00000000e0e00000)
  eden space 4032K, 100% used [0x00000000d6800000, 0x00000000d6bf0000, 0x00000000d6bf0000)
  from space 448K, 100% used [0x00000000d6bf0000, 0x00000000d6c60000, 0x00000000d6c60000)
  to   space 448K,   0% used [0x00000000d6c60000, 0x00000000d6c60000, 0x00000000d6cd0000)
 tenured generation   total 9792K, used 9197K [0x00000000e0e00000, 0x00000000e1790000, 0x00000000f5a00000)
   the space 9792K,  93% used [0x00000000e0e00000, 0x00000000e16fb6c8, 0x00000000e16fb800, 0x00000000e1790000)
 compacting perm gen  total 21248K, used 7139K [0x00000000f5a00000, 0x00000000f6ec0000, 0x0000000100000000)
   the space 21248K,  33% used [0x00000000f5a00000, 0x00000000f60f8c00, 0x00000000f60f8c00, 0x00000000f6ec0000)
No shared spaces configured.

