# JRE version: OpenJDK Runtime Environment (7.0_65-b32) (build 1.7.0_65-b32)
# Java VM: OpenJDK 64-Bit Server VM (24.65-b04 mixed mode linux-amd64 compressed oops)
Heap
 def new generation   total 4480K, used 4480K [0x00000000d6800000, 0x00000000d6cd0000, 0x00000000e0e00000)
  eden space 4032K, 100% used [0x00000000d6800000, 0x00000000d6bf0000, 0x00000000d6bf0000)
  from space 448K, 100% used [0x00000000d6bf0000, 0x00000000d6c60000, 0x00000000d6c60000)
  to   space 448K, 100% used [0x00000000d6c60000, 0x00000000d6cd0000, 0x00000000d6cd0000)
 tenured generation   total 9792K, used 9790K [0x00000000e0e00000, 0x00000000e1790000, 0x00000000f5a00000)
   the space 9792K,  99% used [0x00000000e0e00000, 0x00000000e178fa60, 0x00000000e178fc00, 0x00000000e1790000)
 compacting perm gen  total 21248K, used 7138K [0x00000000f5a00000, 0x00000000f6ec0000, 0x0000000100000000)
   the space 21248K,  33% used [0x00000000f5a00000, 0x00000000f60f8b20, 0x00000000f60f8c00, 0x00000000f6ec0000)
GC Heap History (10 events):
Event: 3.938 GC heap after
Heap after GC invocations=11 (full 1):
 def new generation   total 3200K, used 0K [0x00000000d6800000, 0x00000000d6b70000, 0x00000000e0e00000)
  eden space 2880K,   0% used [0x00000000d6800000, 0x00000000d6800000, 0x00000000d6ad0000)
  from space 320K,   0% used [0x00000000d6ad0000, 0x00000000d6ad0000, 0x00000000d6b20000)
  to   space 320K,   0% used [0x00000000d6b20000, 0x00000000d6b20000, 0x00000000d6b70000)
 tenured generation   total 7012K, used 4144K [0x00000000e0e00000, 0x00000000e14d9000, 0x00000000f5a00000)
   the space 7012K,  59% used [0x00000000e0e00000, 0x00000000e120c108, 0x00000000e120c200, 0x00000000e14d9000)
 compacting perm gen  total 21248K, used 6953K [0x00000000f5a00000, 0x00000000f6ec0000, 0x0000000100000000)
   the space 21248K,  32% used [0x00000000f5a00000, 0x00000000f60ca5e0, 0x00000000f60ca600, 0x00000000f6ec0000)
No shared spaces configured.
}
Event: 4.992 GC heap before
{Heap before GC invocations=11 (full 1):
 def new generation   total 3200K, used 2583K [0x00000000d6800000, 0x00000000d6b70000, 0x00000000e0e00000)
  eden space 2880K,  89% used [0x00000000d6800000, 0x00000000d6a85ec0, 0x00000000d6ad0000)
  from space 320K,   0% used [0x00000000d6ad0000, 0x00000000d6ad0000, 0x00000000d6b20000)
  to   space 320K,   0% used [0x00000000d6b20000, 0x00000000d6b20000, 0x00000000d6b70000)
 tenured generation   total 7012K, used 4144K [0x00000000e0e00000, 0x00000000e14d9000, 0x00000000f5a00000)
   the space 7012K,  59% used [0x00000000e0e00000, 0x00000000e120c108, 0x00000000e120c200, 0x00000000e14d9000)
 compacting perm gen  total 21248K, used 6967K [0x00000000f5a00000, 0x00000000f6ec0000, 0x0000000100000000)
   the space 21248K,  32% used [0x00000000f5a00000, 0x00000000f60cde08, 0x00000000f60ce000, 0x00000000f6ec0000)
No shared spaces configured.
Event: 5.079 GC heap after
Heap after GC invocations=12 (full 1):
 def new generation   total 3200K, used 319K [0x00000000d6800000, 0x00000000d6b70000, 0x00000000e0e00000)
  eden space 2880K,   0% used [0x00000000d6800000, 0x00000000d6800000, 0x00000000d6ad0000)
  from space 320K,  99% used [0x00000000d6b20000, 0x00000000d6b6fff8, 0x00000000d6b70000)
  to   space 320K,   0% used [0x00000000d6ad0000, 0x00000000d6ad0000, 0x00000000d6b20000)
 tenured generation   total 7012K, used 5816K [0x00000000e0e00000, 0x00000000e14d9000, 0x00000000f5a00000)
   the space 7012K,  82% used [0x00000000e0e00000, 0x00000000e13ae330, 0x00000000e13ae400, 0x00000000e14d9000)
 compacting perm gen  total 21248K, used 6967K [0x00000000f5a00000, 0x00000000f6ec0000, 0x0000000100000000)
   the space 21248K,  32% used [0x00000000f5a00000, 0x00000000f60cde08, 0x00000000f60ce000, 0x00000000f6ec0000)
No shared spaces configured.
}
Event: 5.257 GC heap before
{Heap before GC invocations=12 (full 1):
 def new generation   total 3200K, used 3199K [0x00000000d6800000, 0x00000000d6b70000, 0x00000000e0e00000)
  eden space 2880K, 100% used [0x00000000d6800000, 0x00000000d6ad0000, 0x00000000d6ad0000)
  from space 320K,  99% used [0x00000000d6b20000, 0x00000000d6b6fff8, 0x00000000d6b70000)
  to   space 320K,   0% used [0x00000000d6ad0000, 0x00000000d6ad0000, 0x00000000d6b20000)
 tenured generation   total 7012K, used 5816K [0x00000000e0e00000, 0x00000000e14d9000, 0x00000000f5a00000)
   the space 7012K,  82% used [0x00000000e0e00000, 0x00000000e13ae330, 0x00000000e13ae400, 0x00000000e14d9000)
 compacting perm gen  total 21248K, used 6982K [0x00000000f5a00000, 0x00000000f6ec0000, 0x0000000100000000)
   the space 21248K,  32% used [0x00000000f5a00000, 0x00000000f60d1850, 0x00000000f60d1a00, 0x00000000f6ec0000)
No shared spaces configured.
Event: 5.371 GC heap after
Heap after GC invocations=13 (full 2):
 def new generation   total 4480K, used 0K [0x00000000d6800000, 0x00000000d6cd0000, 0x00000000e0e00000)
  eden space 4032K,   0% used [0x00000000d6800000, 0x00000000d6800000, 0x00000000d6bf0000)
  from space 448K,   0% used [0x00000000d6bf0000, 0x00000000d6bf0000, 0x00000000d6c60000)
  to   space 448K,   0% used [0x00000000d6c60000, 0x00000000d6c60000, 0x00000000d6cd0000)
 tenured generation   total 9792K, used 5874K [0x00000000e0e00000, 0x00000000e1790000, 0x00000000f5a00000)
   the space 9792K,  59% used [0x00000000e0e00000, 0x00000000e13bc9a0, 0x00000000e13bca00, 0x00000000e1790000)
 compacting perm gen  total 21248K, used 6982K [0x00000000f5a00000, 0x00000000f6ec0000, 0x0000000100000000)
   the space 21248K,  32% used [0x00000000f5a00000, 0x00000000f60d1850, 0x00000000f60d1a00, 0x00000000f6ec0000)
No shared spaces configured.
}
Event: 5.638 GC heap before
{Heap before GC invocations=13 (full 2):
 def new generation   total 4480K, used 3990K [0x00000000d6800000, 0x00000000d6cd0000, 0x00000000e0e00000)
  eden space 4032K,  98% used [0x00000000d6800000, 0x00000000d6be5a10, 0x00000000d6bf0000)
  from space 448K,   0% used [0x00000000d6bf0000, 0x00000000d6bf0000, 0x00000000d6c60000)
  to   space 448K,   0% used [0x00000000d6c60000, 0x00000000d6c60000, 0x00000000d6cd0000)
 tenured generation   total 9792K, used 5874K [0x00000000e0e00000, 0x00000000e1790000, 0x00000000f5a00000)
   the space 9792K,  59% used [0x00000000e0e00000, 0x00000000e13bc9a0, 0x00000000e13bca00, 0x00000000e1790000)
 compacting perm gen  total 21248K, used 6983K [0x00000000f5a00000, 0x00000000f6ec0000, 0x0000000100000000)
   the space 21248K,  32% used [0x00000000f5a00000, 0x00000000f60d1c78, 0x00000000f60d1e00, 0x00000000f6ec0000)
No shared spaces configured.
Event: 5.657 GC heap after
Heap after GC invocations=14 (full 2):
 def new generation   total 4480K, used 448K [0x00000000d6800000, 0x00000000d6cd0000, 0x00000000e0e00000)
  eden space 4032K,   0% used [0x00000000d6800000, 0x00000000d6800000, 0x00000000d6bf0000)
  from space 448K, 100% used [0x00000000d6c60000, 0x00000000d6cd0000, 0x00000000d6cd0000)
  to   space 448K,   0% used [0x00000000d6bf0000, 0x00000000d6bf0000, 0x00000000d6c60000)
 tenured generation   total 9792K, used 7632K [0x00000000e0e00000, 0x00000000e1790000, 0x00000000f5a00000)
   the space 9792K,  77% used [0x00000000e0e00000, 0x00000000e15741c0, 0x00000000e1574200, 0x00000000e1790000)
 compacting perm gen  total 21248K, used 6983K [0x00000000f5a00000, 0x00000000f6ec0000, 0x0000000100000000)
   the space 21248K,  32% used [0x00000000f5a00000, 0x00000000f60d1c78, 0x00000000f60d1e00, 0x00000000f6ec0000)
No shared spaces configured.
}
Event: 6.501 GC heap before
{Heap before GC invocations=14 (full 2):
 def new generation   total 4480K, used 4480K [0x00000000d6800000, 0x00000000d6cd0000, 0x00000000e0e00000)
  eden space 4032K, 100% used [0x00000000d6800000, 0x00000000d6bf0000, 0x00000000d6bf0000)
  from space 448K, 100% used [0x00000000d6c60000, 0x00000000d6cd0000, 0x00000000d6cd0000)
  to   space 448K,   0% used [0x00000000d6bf0000, 0x00000000d6bf0000, 0x00000000d6c60000)
 tenured generation   total 9792K, used 7632K [0x00000000e0e00000, 0x00000000e1790000, 0x00000000f5a00000)
   the space 9792K,  77% used [0x00000000e0e00000, 0x00000000e15741c0, 0x00000000e1574200, 0x00000000e1790000)
 compacting perm gen  total 21248K, used 7008K [0x00000000f5a00000, 0x00000000f6ec0000, 0x0000000100000000)
   the space 21248K,  32% used [0x00000000f5a00000, 0x00000000f60d83f0, 0x00000000f60d8400, 0x00000000f6ec0000)
No shared spaces configured.
Event: 6.743 GC heap after
Heap after GC invocations=15 (full 2):
 def new generation   total 4480K, used 448K [0x00000000d6800000, 0x00000000d6cd0000, 0x00000000e0e00000)
  eden space 4032K,   0% used [0x00000000d6800000, 0x00000000d6800000, 0x00000000d6bf0000)
  from space 448K, 100% used [0x00000000d6bf0000, 0x00000000d6c60000, 0x00000000d6c60000)
  to   space 448K,   0% used [0x00000000d6c60000, 0x00000000d6c60000, 0x00000000d6cd0000)
 tenured generation   total 9792K, used 9197K [0x00000000e0e00000, 0x00000000e1790000, 0x00000000f5a00000)
   the space 9792K,  93% used [0x00000000e0e00000, 0x00000000e16fb6e0, 0x00000000e16fb800, 0x00000000e1790000)
 compacting perm gen  total 21248K, used 7008K [0x00000000f5a00000, 0x00000000f6ec0000, 0x0000000100000000)
   the space 21248K,  32% used [0x00000000f5a00000, 0x00000000f60d83f0, 0x00000000f60d8400, 0x00000000f6ec0000)
No shared spaces configured.
}
Event: 10.764 GC heap before
{Heap before GC invocations=15 (full 2):
 def new generation   total 4480K, used 4480K [0x00000000d6800000, 0x00000000d6cd0000, 0x00000000e0e00000)
  eden space 4032K, 100% used [0x00000000d6800000, 0x00000000d6bf0000, 0x00000000d6bf0000)
  from space 448K, 100% used [0x00000000d6bf0000, 0x00000000d6c60000, 0x00000000d6c60000)
  to   space 448K,   0% used [0x00000000d6c60000, 0x00000000d6c60000, 0x00000000d6cd0000)
 tenured generation   total 9792K, used 9197K [0x00000000e0e00000, 0x00000000e1790000, 0x00000000f5a00000)
   the space 9792K,  93% used [0x00000000e0e00000, 0x00000000e16fb6e0, 0x00000000e16fb800, 0x00000000e1790000)
 compacting perm gen  total 21248K, used 7138K [0x00000000f5a00000, 0x00000000f6ec0000, 0x0000000100000000)
   the space 21248K,  33% used [0x00000000f5a00000, 0x00000000f60f8b20, 0x00000000f60f8c00, 0x00000000f6ec0000)
No shared spaces configured.

