# JRE version: OpenJDK Runtime Environment (7.0_65-b32) (build 1.7.0_65-b32)
# Java VM: OpenJDK 64-Bit Server VM (24.65-b04 mixed mode linux-amd64 compressed oops)
Heap
 def new generation   total 3200K, used 0K [0x00000000d6800000, 0x00000000d6b70000, 0x00000000e0e00000)
  eden space 2880K,   0% used [0x00000000d6800000, 0x00000000d6800000, 0x00000000d6ad0000)
  from space 320K,   0% used [0x00000000d6ad0000, 0x00000000d6ad0000, 0x00000000d6b20000)
  to   space 320K,   0% used [0x00000000d6b20000, 0x00000000d6b20000, 0x00000000d6b70000)
 tenured generation   total 7488K, used 5873K [0x00000000e0e00000, 0x00000000e1550000, 0x00000000f5a00000)
   the space 7488K,  78% used [0x00000000e0e00000, 0x00000000e13bc7b8, 0x00000000e13bc800, 0x00000000e1550000)
 compacting perm gen  total 21248K, used 6980K [0x00000000f5a00000, 0x00000000f6ec0000, 0x0000000100000000)
   the space 21248K,  32% used [0x00000000f5a00000, 0x00000000f60d1290, 0x00000000f60d1400, 0x00000000f6ec0000)
GC Heap History (10 events):
Event: 3.598 GC heap after
Heap after GC invocations=8 (full 0):
 def new generation   total 2432K, used 109K [0x00000000d6800000, 0x00000000d6aa0000, 0x00000000e0e00000)
  eden space 2176K,   0% used [0x00000000d6800000, 0x00000000d6800000, 0x00000000d6a20000)
  from space 256K,  42% used [0x00000000d6a20000, 0x00000000d6a3b648, 0x00000000d6a60000)
  to   space 256K,   0% used [0x00000000d6a60000, 0x00000000d6a60000, 0x00000000d6aa0000)
 tenured generation   total 5504K, used 3211K [0x00000000e0e00000, 0x00000000e1360000, 0x00000000f5a00000)
   the space 5504K,  58% used [0x00000000e0e00000, 0x00000000e1122d10, 0x00000000e1122e00, 0x00000000e1360000)
 compacting perm gen  total 21248K, used 6456K [0x00000000f5a00000, 0x00000000f6ec0000, 0x0000000100000000)
   the space 21248K,  30% used [0x00000000f5a00000, 0x00000000f604e318, 0x00000000f604e400, 0x00000000f6ec0000)
No shared spaces configured.
}
Event: 4.230 GC heap before
{Heap before GC invocations=8 (full 0):
 def new generation   total 2432K, used 2229K [0x00000000d6800000, 0x00000000d6aa0000, 0x00000000e0e00000)
  eden space 2176K,  97% used [0x00000000d6800000, 0x00000000d6a11f88, 0x00000000d6a20000)
  from space 256K,  42% used [0x00000000d6a20000, 0x00000000d6a3b648, 0x00000000d6a60000)
  to   space 256K,   0% used [0x00000000d6a60000, 0x00000000d6a60000, 0x00000000d6aa0000)
 tenured generation   total 5504K, used 3211K [0x00000000e0e00000, 0x00000000e1360000, 0x00000000f5a00000)
   the space 5504K,  58% used [0x00000000e0e00000, 0x00000000e1122d10, 0x00000000e1122e00, 0x00000000e1360000)
 compacting perm gen  total 21248K, used 6702K [0x00000000f5a00000, 0x00000000f6ec0000, 0x0000000100000000)
   the space 21248K,  31% used [0x00000000f5a00000, 0x00000000f608bac0, 0x00000000f608bc00, 0x00000000f6ec0000)
No shared spaces configured.
Event: 4.233 GC heap after
Heap after GC invocations=9 (full 0):
 def new generation   total 2432K, used 256K [0x00000000d6800000, 0x00000000d6aa0000, 0x00000000e0e00000)
  eden space 2176K,   0% used [0x00000000d6800000, 0x00000000d6800000, 0x00000000d6a20000)
  from space 256K, 100% used [0x00000000d6a60000, 0x00000000d6aa0000, 0x00000000d6aa0000)
  to   space 256K,   0% used [0x00000000d6a20000, 0x00000000d6a20000, 0x00000000d6a60000)
 tenured generation   total 5504K, used 3607K [0x00000000e0e00000, 0x00000000e1360000, 0x00000000f5a00000)
   the space 5504K,  65% used [0x00000000e0e00000, 0x00000000e1185ce8, 0x00000000e1185e00, 0x00000000e1360000)
 compacting perm gen  total 21248K, used 6702K [0x00000000f5a00000, 0x00000000f6ec0000, 0x0000000100000000)
   the space 21248K,  31% used [0x00000000f5a00000, 0x00000000f608bac0, 0x00000000f608bc00, 0x00000000f6ec0000)
No shared spaces configured.
}
Event: 4.481 GC heap before
{Heap before GC invocations=9 (full 0):
 def new generation   total 2432K, used 956K [0x00000000d6800000, 0x00000000d6aa0000, 0x00000000e0e00000)
  eden space 2176K,  32% used [0x00000000d6800000, 0x00000000d68af378, 0x00000000d6a20000)
  from space 256K, 100% used [0x00000000d6a60000, 0x00000000d6aa0000, 0x00000000d6aa0000)
  to   space 256K,   0% used [0x00000000d6a20000, 0x00000000d6a20000, 0x00000000d6a60000)
 tenured generation   total 5504K, used 3607K [0x00000000e0e00000, 0x00000000e1360000, 0x00000000f5a00000)
   the space 5504K,  65% used [0x00000000e0e00000, 0x00000000e1185ce8, 0x00000000e1185e00, 0x00000000e1360000)
 compacting perm gen  total 21248K, used 6942K [0x00000000f5a00000, 0x00000000f6ec0000, 0x0000000100000000)
   the space 21248K,  32% used [0x00000000f5a00000, 0x00000000f60c7828, 0x00000000f60c7a00, 0x00000000f6ec0000)
No shared spaces configured.
Event: 4.490 GC heap after
Heap after GC invocations=10 (full 0):
 def new generation   total 2432K, used 218K [0x00000000d6800000, 0x00000000d6aa0000, 0x00000000e0e00000)
  eden space 2176K,   0% used [0x00000000d6800000, 0x00000000d6800000, 0x00000000d6a20000)
  from space 256K,  85% used [0x00000000d6a20000, 0x00000000d6a56968, 0x00000000d6a60000)
  to   space 256K,   0% used [0x00000000d6a60000, 0x00000000d6a60000, 0x00000000d6aa0000)
 tenured generation   total 5504K, used 3818K [0x00000000e0e00000, 0x00000000e1360000, 0x00000000f5a00000)
   the space 5504K,  69% used [0x00000000e0e00000, 0x00000000e11ba848, 0x00000000e11baa00, 0x00000000e1360000)
 compacting perm gen  total 21248K, used 6942K [0x00000000f5a00000, 0x00000000f6ec0000, 0x0000000100000000)
   the space 21248K,  32% used [0x00000000f5a00000, 0x00000000f60c7828, 0x00000000f60c7a00, 0x00000000f6ec0000)
No shared spaces configured.
}
Event: 4.934 GC heap before
{Heap before GC invocations=10 (full 0):
 def new generation   total 2432K, used 2394K [0x00000000d6800000, 0x00000000d6aa0000, 0x00000000e0e00000)
  eden space 2176K, 100% used [0x00000000d6800000, 0x00000000d6a20000, 0x00000000d6a20000)
  from space 256K,  85% used [0x00000000d6a20000, 0x00000000d6a56968, 0x00000000d6a60000)
  to   space 256K,   0% used [0x00000000d6a60000, 0x00000000d6a60000, 0x00000000d6aa0000)
 tenured generation   total 5504K, used 3818K [0x00000000e0e00000, 0x00000000e1360000, 0x00000000f5a00000)
   the space 5504K,  69% used [0x00000000e0e00000, 0x00000000e11ba848, 0x00000000e11baa00, 0x00000000e1360000)
 compacting perm gen  total 21248K, used 6952K [0x00000000f5a00000, 0x00000000f6ec0000, 0x0000000100000000)
   the space 21248K,  32% used [0x00000000f5a00000, 0x00000000f60ca120, 0x00000000f60ca200, 0x00000000f6ec0000)
No shared spaces configured.
Event: 5.129 GC heap after
Heap after GC invocations=11 (full 1):
 def new generation   total 3200K, used 0K [0x00000000d6800000, 0x00000000d6b70000, 0x00000000e0e00000)
  eden space 2880K,   0% used [0x00000000d6800000, 0x00000000d6800000, 0x00000000d6ad0000)
  from space 320K,   0% used [0x00000000d6ad0000, 0x00000000d6ad0000, 0x00000000d6b20000)
  to   space 320K,   0% used [0x00000000d6b20000, 0x00000000d6b20000, 0x00000000d6b70000)
 tenured generation   total 6912K, used 4146K [0x00000000e0e00000, 0x00000000e14c0000, 0x00000000f5a00000)
   the space 6912K,  59% used [0x00000000e0e00000, 0x00000000e120ca90, 0x00000000e120cc00, 0x00000000e14c0000)
 compacting perm gen  total 21248K, used 6952K [0x00000000f5a00000, 0x00000000f6ec0000, 0x0000000100000000)
   the space 21248K,  32% used [0x00000000f5a00000, 0x00000000f60ca120, 0x00000000f60ca200, 0x00000000f6ec0000)
No shared spaces configured.
}
Event: 6.134 GC heap before
{Heap before GC invocations=11 (full 1):
 def new generation   total 3200K, used 2582K [0x00000000d6800000, 0x00000000d6b70000, 0x00000000e0e00000)
  eden space 2880K,  89% used [0x00000000d6800000, 0x00000000d6a85b68, 0x00000000d6ad0000)
  from space 320K,   0% used [0x00000000d6ad0000, 0x00000000d6ad0000, 0x00000000d6b20000)
  to   space 320K,   0% used [0x00000000d6b20000, 0x00000000d6b20000, 0x00000000d6b70000)
 tenured generation   total 6912K, used 4146K [0x00000000e0e00000, 0x00000000e14c0000, 0x00000000f5a00000)
   the space 6912K,  59% used [0x00000000e0e00000, 0x00000000e120ca90, 0x00000000e120cc00, 0x00000000e14c0000)
 compacting perm gen  total 21248K, used 6966K [0x00000000f5a00000, 0x00000000f6ec0000, 0x0000000100000000)
   the space 21248K,  32% used [0x00000000f5a00000, 0x00000000f60cd848, 0x00000000f60cda00, 0x00000000f6ec0000)
No shared spaces configured.
Event: 6.152 GC heap after
Heap after GC invocations=12 (full 1):
 def new generation   total 3200K, used 320K [0x00000000d6800000, 0x00000000d6b70000, 0x00000000e0e00000)
  eden space 2880K,   0% used [0x00000000d6800000, 0x00000000d6800000, 0x00000000d6ad0000)
  from space 320K, 100% used [0x00000000d6b20000, 0x00000000d6b70000, 0x00000000d6b70000)
  to   space 320K,   0% used [0x00000000d6ad0000, 0x00000000d6ad0000, 0x00000000d6b20000)
 tenured generation   total 6912K, used 5818K [0x00000000e0e00000, 0x00000000e14c0000, 0x00000000f5a00000)
   the space 6912K,  84% used [0x00000000e0e00000, 0x00000000e13ae9e8, 0x00000000e13aea00, 0x00000000e14c0000)
 compacting perm gen  total 21248K, used 6966K [0x00000000f5a00000, 0x00000000f6ec0000, 0x0000000100000000)
   the space 21248K,  32% used [0x00000000f5a00000, 0x00000000f60cd848, 0x00000000f60cda00, 0x00000000f6ec0000)
No shared spaces configured.
}
Event: 6.333 GC heap before
{Heap before GC invocations=12 (full 1):
 def new generation   total 3200K, used 3200K [0x00000000d6800000, 0x00000000d6b70000, 0x00000000e0e00000)
  eden space 2880K, 100% used [0x00000000d6800000, 0x00000000d6ad0000, 0x00000000d6ad0000)
  from space 320K, 100% used [0x00000000d6b20000, 0x00000000d6b70000, 0x00000000d6b70000)
  to   space 320K,   0% used [0x00000000d6ad0000, 0x00000000d6ad0000, 0x00000000d6b20000)
 tenured generation   total 6912K, used 5818K [0x00000000e0e00000, 0x00000000e14c0000, 0x00000000f5a00000)
   the space 6912K,  84% used [0x00000000e0e00000, 0x00000000e13ae9e8, 0x00000000e13aea00, 0x00000000e14c0000)
 compacting perm gen  total 21248K, used 6980K [0x00000000f5a00000, 0x00000000f6ec0000, 0x0000000100000000)
   the space 21248K,  32% used [0x00000000f5a00000, 0x00000000f60d1290, 0x00000000f60d1400, 0x00000000f6ec0000)
No shared spaces configured.

